Changed directory to /rds/user/yl962/hpc-work/VRR/run_cvvdp.

JobID: 7885171
======
Argument: 
Time: Sat Apr  5 20:28:08 BST 2025
Running on master node: gpu-q-6
Current directory: /rds/user/yl962/hpc-work/VRR/run_cvvdp

numtasks=1, numnodes=1, mpi_tasks_per_node=1

Executing command:
==================


SLURM_ARRAY_TASK_ID: 0
Scene path: crytek_sponza_path1_seg1_1
Processing video with bitrate: 1000kbps
folder /home/yl962/rds/hpc-work/VRR/VRRMP4/h265_to_mp4/crytek_sponza/crytek_sponza_path1_seg1_1/1000

reference /home/yl962/rds/hpc-work/VRR/VRRMP4/reference_videos/crytek_sponza/crytek_sponza_path1_seg1_1/refOutput_crytek_sponza_path1_seg1_1_166_1080.mp4
test /home/yl962/rds/hpc-work/VRR/VRRMP4/h265_to_mp4/crytek_sponza/crytek_sponza_path1_seg1_1/1000/1000_100_1080.mp4


reference /home/yl962/rds/hpc-work/VRR/VRRMP4/reference_videos/crytek_sponza/crytek_sponza_path1_seg1_1/refOutput_crytek_sponza_path1_seg1_1_166_1080.mp4
test /home/yl962/rds/hpc-work/VRR/VRRMP4/h265_to_mp4/crytek_sponza/crytek_sponza_path1_seg1_1/1000/1000_100_360.mp4


reference /home/yl962/rds/hpc-work/VRR/VRRMP4/reference_videos/crytek_sponza/crytek_sponza_path1_seg1_1/refOutput_crytek_sponza_path1_seg1_1_166_1080.mp4
test /home/yl962/rds/hpc-work/VRR/VRRMP4/h265_to_mp4/crytek_sponza/crytek_sponza_path1_seg1_1/1000/1000_100_480.mp4


reference /home/yl962/rds/hpc-work/VRR/VRRMP4/reference_videos/crytek_sponza/crytek_sponza_path1_seg1_1/refOutput_crytek_sponza_path1_seg1_1_166_1080.mp4
test /home/yl962/rds/hpc-work/VRR/VRRMP4/h265_to_mp4/crytek_sponza/crytek_sponza_path1_seg1_1/1000/1000_100_720.mp4


reference /home/yl962/rds/hpc-work/VRR/VRRMP4/reference_videos/crytek_sponza/crytek_sponza_path1_seg1_1/refOutput_crytek_sponza_path1_seg1_1_166_1080.mp4
test /home/yl962/rds/hpc-work/VRR/VRRMP4/h265_to_mp4/crytek_sponza/crytek_sponza_path1_seg1_1/1000/1000_100_864.mp4


reference /home/yl962/rds/hpc-work/VRR/VRRMP4/reference_videos/crytek_sponza/crytek_sponza_path1_seg1_1/refOutput_crytek_sponza_path1_seg1_1_166_1080.mp4
test /home/yl962/rds/hpc-work/VRR/VRRMP4/h265_to_mp4/crytek_sponza/crytek_sponza_path1_seg1_1/1000/1000_110_1080.mp4


reference /home/yl962/rds/hpc-work/VRR/VRRMP4/reference_videos/crytek_sponza/crytek_sponza_path1_seg1_1/refOutput_crytek_sponza_path1_seg1_1_166_1080.mp4
test /home/yl962/rds/hpc-work/VRR/VRRMP4/h265_to_mp4/crytek_sponza/crytek_sponza_path1_seg1_1/1000/1000_110_360.mp4


reference /home/yl962/rds/hpc-work/VRR/VRRMP4/reference_videos/crytek_sponza/crytek_sponza_path1_seg1_1/refOutput_crytek_sponza_path1_seg1_1_166_1080.mp4
test /home/yl962/rds/hpc-work/VRR/VRRMP4/h265_to_mp4/crytek_sponza/crytek_sponza_path1_seg1_1/1000/1000_110_480.mp4


reference /home/yl962/rds/hpc-work/VRR/VRRMP4/reference_videos/crytek_sponza/crytek_sponza_path1_seg1_1/refOutput_crytek_sponza_path1_seg1_1_166_1080.mp4
test /home/yl962/rds/hpc-work/VRR/VRRMP4/h265_to_mp4/crytek_sponza/crytek_sponza_path1_seg1_1/1000/1000_110_720.mp4


reference /home/yl962/rds/hpc-work/VRR/VRRMP4/reference_videos/crytek_sponza/crytek_sponza_path1_seg1_1/refOutput_crytek_sponza_path1_seg1_1_166_1080.mp4
test /home/yl962/rds/hpc-work/VRR/VRRMP4/h265_to_mp4/crytek_sponza/crytek_sponza_path1_seg1_1/1000/1000_110_864.mp4


reference /home/yl962/rds/hpc-work/VRR/VRRMP4/reference_videos/crytek_sponza/crytek_sponza_path1_seg1_1/refOutput_crytek_sponza_path1_seg1_1_166_1080.mp4
test /home/yl962/rds/hpc-work/VRR/VRRMP4/h265_to_mp4/crytek_sponza/crytek_sponza_path1_seg1_1/1000/1000_120_1080.mp4


reference /home/yl962/rds/hpc-work/VRR/VRRMP4/reference_videos/crytek_sponza/crytek_sponza_path1_seg1_1/refOutput_crytek_sponza_path1_seg1_1_166_1080.mp4
test /home/yl962/rds/hpc-work/VRR/VRRMP4/h265_to_mp4/crytek_sponza/crytek_sponza_path1_seg1_1/1000/1000_120_360.mp4


reference /home/yl962/rds/hpc-work/VRR/VRRMP4/reference_videos/crytek_sponza/crytek_sponza_path1_seg1_1/refOutput_crytek_sponza_path1_seg1_1_166_1080.mp4
test /home/yl962/rds/hpc-work/VRR/VRRMP4/h265_to_mp4/crytek_sponza/crytek_sponza_path1_seg1_1/1000/1000_120_480.mp4


reference /home/yl962/rds/hpc-work/VRR/VRRMP4/reference_videos/crytek_sponza/crytek_sponza_path1_seg1_1/refOutput_crytek_sponza_path1_seg1_1_166_1080.mp4
test /home/yl962/rds/hpc-work/VRR/VRRMP4/h265_to_mp4/crytek_sponza/crytek_sponza_path1_seg1_1/1000/1000_120_720.mp4


reference /home/yl962/rds/hpc-work/VRR/VRRMP4/reference_videos/crytek_sponza/crytek_sponza_path1_seg1_1/refOutput_crytek_sponza_path1_seg1_1_166_1080.mp4
test /home/yl962/rds/hpc-work/VRR/VRRMP4/h265_to_mp4/crytek_sponza/crytek_sponza_path1_seg1_1/1000/1000_120_864.mp4


reference /home/yl962/rds/hpc-work/VRR/VRRMP4/reference_videos/crytek_sponza/crytek_sponza_path1_seg1_1/refOutput_crytek_sponza_path1_seg1_1_166_1080.mp4
test /home/yl962/rds/hpc-work/VRR/VRRMP4/h265_to_mp4/crytek_sponza/crytek_sponza_path1_seg1_1/1000/1000_30_1080.mp4


reference /home/yl962/rds/hpc-work/VRR/VRRMP4/reference_videos/crytek_sponza/crytek_sponza_path1_seg1_1/refOutput_crytek_sponza_path1_seg1_1_166_1080.mp4
test /home/yl962/rds/hpc-work/VRR/VRRMP4/h265_to_mp4/crytek_sponza/crytek_sponza_path1_seg1_1/1000/1000_30_360.mp4


reference /home/yl962/rds/hpc-work/VRR/VRRMP4/reference_videos/crytek_sponza/crytek_sponza_path1_seg1_1/refOutput_crytek_sponza_path1_seg1_1_166_1080.mp4
test /home/yl962/rds/hpc-work/VRR/VRRMP4/h265_to_mp4/crytek_sponza/crytek_sponza_path1_seg1_1/1000/1000_30_480.mp4


reference /home/yl962/rds/hpc-work/VRR/VRRMP4/reference_videos/crytek_sponza/crytek_sponza_path1_seg1_1/refOutput_crytek_sponza_path1_seg1_1_166_1080.mp4
test /home/yl962/rds/hpc-work/VRR/VRRMP4/h265_to_mp4/crytek_sponza/crytek_sponza_path1_seg1_1/1000/1000_30_720.mp4


reference /home/yl962/rds/hpc-work/VRR/VRRMP4/reference_videos/crytek_sponza/crytek_sponza_path1_seg1_1/refOutput_crytek_sponza_path1_seg1_1_166_1080.mp4
test /home/yl962/rds/hpc-work/VRR/VRRMP4/h265_to_mp4/crytek_sponza/crytek_sponza_path1_seg1_1/1000/1000_30_864.mp4


reference /home/yl962/rds/hpc-work/VRR/VRRMP4/reference_videos/crytek_sponza/crytek_sponza_path1_seg1_1/refOutput_crytek_sponza_path1_seg1_1_166_1080.mp4
test /home/yl962/rds/hpc-work/VRR/VRRMP4/h265_to_mp4/crytek_sponza/crytek_sponza_path1_seg1_1/1000/1000_40_1080.mp4


reference /home/yl962/rds/hpc-work/VRR/VRRMP4/reference_videos/crytek_sponza/crytek_sponza_path1_seg1_1/refOutput_crytek_sponza_path1_seg1_1_166_1080.mp4
test /home/yl962/rds/hpc-work/VRR/VRRMP4/h265_to_mp4/crytek_sponza/crytek_sponza_path1_seg1_1/1000/1000_40_360.mp4


reference /home/yl962/rds/hpc-work/VRR/VRRMP4/reference_videos/crytek_sponza/crytek_sponza_path1_seg1_1/refOutput_crytek_sponza_path1_seg1_1_166_1080.mp4
test /home/yl962/rds/hpc-work/VRR/VRRMP4/h265_to_mp4/crytek_sponza/crytek_sponza_path1_seg1_1/1000/1000_40_480.mp4


reference /home/yl962/rds/hpc-work/VRR/VRRMP4/reference_videos/crytek_sponza/crytek_sponza_path1_seg1_1/refOutput_crytek_sponza_path1_seg1_1_166_1080.mp4
test /home/yl962/rds/hpc-work/VRR/VRRMP4/h265_to_mp4/crytek_sponza/crytek_sponza_path1_seg1_1/1000/1000_40_720.mp4


reference /home/yl962/rds/hpc-work/VRR/VRRMP4/reference_videos/crytek_sponza/crytek_sponza_path1_seg1_1/refOutput_crytek_sponza_path1_seg1_1_166_1080.mp4
test /home/yl962/rds/hpc-work/VRR/VRRMP4/h265_to_mp4/crytek_sponza/crytek_sponza_path1_seg1_1/1000/1000_40_864.mp4


reference /home/yl962/rds/hpc-work/VRR/VRRMP4/reference_videos/crytek_sponza/crytek_sponza_path1_seg1_1/refOutput_crytek_sponza_path1_seg1_1_166_1080.mp4
test /home/yl962/rds/hpc-work/VRR/VRRMP4/h265_to_mp4/crytek_sponza/crytek_sponza_path1_seg1_1/1000/1000_50_1080.mp4


reference /home/yl962/rds/hpc-work/VRR/VRRMP4/reference_videos/crytek_sponza/crytek_sponza_path1_seg1_1/refOutput_crytek_sponza_path1_seg1_1_166_1080.mp4
test /home/yl962/rds/hpc-work/VRR/VRRMP4/h265_to_mp4/crytek_sponza/crytek_sponza_path1_seg1_1/1000/1000_50_360.mp4


reference /home/yl962/rds/hpc-work/VRR/VRRMP4/reference_videos/crytek_sponza/crytek_sponza_path1_seg1_1/refOutput_crytek_sponza_path1_seg1_1_166_1080.mp4
test /home/yl962/rds/hpc-work/VRR/VRRMP4/h265_to_mp4/crytek_sponza/crytek_sponza_path1_seg1_1/1000/1000_50_480.mp4


reference /home/yl962/rds/hpc-work/VRR/VRRMP4/reference_videos/crytek_sponza/crytek_sponza_path1_seg1_1/refOutput_crytek_sponza_path1_seg1_1_166_1080.mp4
test /home/yl962/rds/hpc-work/VRR/VRRMP4/h265_to_mp4/crytek_sponza/crytek_sponza_path1_seg1_1/1000/1000_50_720.mp4


reference /home/yl962/rds/hpc-work/VRR/VRRMP4/reference_videos/crytek_sponza/crytek_sponza_path1_seg1_1/refOutput_crytek_sponza_path1_seg1_1_166_1080.mp4
test /home/yl962/rds/hpc-work/VRR/VRRMP4/h265_to_mp4/crytek_sponza/crytek_sponza_path1_seg1_1/1000/1000_50_864.mp4


reference /home/yl962/rds/hpc-work/VRR/VRRMP4/reference_videos/crytek_sponza/crytek_sponza_path1_seg1_1/refOutput_crytek_sponza_path1_seg1_1_166_1080.mp4
test /home/yl962/rds/hpc-work/VRR/VRRMP4/h265_to_mp4/crytek_sponza/crytek_sponza_path1_seg1_1/1000/1000_60_1080.mp4


reference /home/yl962/rds/hpc-work/VRR/VRRMP4/reference_videos/crytek_sponza/crytek_sponza_path1_seg1_1/refOutput_crytek_sponza_path1_seg1_1_166_1080.mp4
test /home/yl962/rds/hpc-work/VRR/VRRMP4/h265_to_mp4/crytek_sponza/crytek_sponza_path1_seg1_1/1000/1000_60_360.mp4


reference /home/yl962/rds/hpc-work/VRR/VRRMP4/reference_videos/crytek_sponza/crytek_sponza_path1_seg1_1/refOutput_crytek_sponza_path1_seg1_1_166_1080.mp4
test /home/yl962/rds/hpc-work/VRR/VRRMP4/h265_to_mp4/crytek_sponza/crytek_sponza_path1_seg1_1/1000/1000_60_480.mp4


reference /home/yl962/rds/hpc-work/VRR/VRRMP4/reference_videos/crytek_sponza/crytek_sponza_path1_seg1_1/refOutput_crytek_sponza_path1_seg1_1_166_1080.mp4
test /home/yl962/rds/hpc-work/VRR/VRRMP4/h265_to_mp4/crytek_sponza/crytek_sponza_path1_seg1_1/1000/1000_60_720.mp4


reference /home/yl962/rds/hpc-work/VRR/VRRMP4/reference_videos/crytek_sponza/crytek_sponza_path1_seg1_1/refOutput_crytek_sponza_path1_seg1_1_166_1080.mp4
test /home/yl962/rds/hpc-work/VRR/VRRMP4/h265_to_mp4/crytek_sponza/crytek_sponza_path1_seg1_1/1000/1000_60_864.mp4


reference /home/yl962/rds/hpc-work/VRR/VRRMP4/reference_videos/crytek_sponza/crytek_sponza_path1_seg1_1/refOutput_crytek_sponza_path1_seg1_1_166_1080.mp4
test /home/yl962/rds/hpc-work/VRR/VRRMP4/h265_to_mp4/crytek_sponza/crytek_sponza_path1_seg1_1/1000/1000_70_1080.mp4


reference /home/yl962/rds/hpc-work/VRR/VRRMP4/reference_videos/crytek_sponza/crytek_sponza_path1_seg1_1/refOutput_crytek_sponza_path1_seg1_1_166_1080.mp4
test /home/yl962/rds/hpc-work/VRR/VRRMP4/h265_to_mp4/crytek_sponza/crytek_sponza_path1_seg1_1/1000/1000_70_360.mp4


reference /home/yl962/rds/hpc-work/VRR/VRRMP4/reference_videos/crytek_sponza/crytek_sponza_path1_seg1_1/refOutput_crytek_sponza_path1_seg1_1_166_1080.mp4
test /home/yl962/rds/hpc-work/VRR/VRRMP4/h265_to_mp4/crytek_sponza/crytek_sponza_path1_seg1_1/1000/1000_70_480.mp4


reference /home/yl962/rds/hpc-work/VRR/VRRMP4/reference_videos/crytek_sponza/crytek_sponza_path1_seg1_1/refOutput_crytek_sponza_path1_seg1_1_166_1080.mp4
test /home/yl962/rds/hpc-work/VRR/VRRMP4/h265_to_mp4/crytek_sponza/crytek_sponza_path1_seg1_1/1000/1000_70_720.mp4


reference /home/yl962/rds/hpc-work/VRR/VRRMP4/reference_videos/crytek_sponza/crytek_sponza_path1_seg1_1/refOutput_crytek_sponza_path1_seg1_1_166_1080.mp4
test /home/yl962/rds/hpc-work/VRR/VRRMP4/h265_to_mp4/crytek_sponza/crytek_sponza_path1_seg1_1/1000/1000_70_864.mp4


reference /home/yl962/rds/hpc-work/VRR/VRRMP4/reference_videos/crytek_sponza/crytek_sponza_path1_seg1_1/refOutput_crytek_sponza_path1_seg1_1_166_1080.mp4
test /home/yl962/rds/hpc-work/VRR/VRRMP4/h265_to_mp4/crytek_sponza/crytek_sponza_path1_seg1_1/1000/1000_80_1080.mp4


reference /home/yl962/rds/hpc-work/VRR/VRRMP4/reference_videos/crytek_sponza/crytek_sponza_path1_seg1_1/refOutput_crytek_sponza_path1_seg1_1_166_1080.mp4
test /home/yl962/rds/hpc-work/VRR/VRRMP4/h265_to_mp4/crytek_sponza/crytek_sponza_path1_seg1_1/1000/1000_80_360.mp4


reference /home/yl962/rds/hpc-work/VRR/VRRMP4/reference_videos/crytek_sponza/crytek_sponza_path1_seg1_1/refOutput_crytek_sponza_path1_seg1_1_166_1080.mp4
test /home/yl962/rds/hpc-work/VRR/VRRMP4/h265_to_mp4/crytek_sponza/crytek_sponza_path1_seg1_1/1000/1000_80_480.mp4


reference /home/yl962/rds/hpc-work/VRR/VRRMP4/reference_videos/crytek_sponza/crytek_sponza_path1_seg1_1/refOutput_crytek_sponza_path1_seg1_1_166_1080.mp4
test /home/yl962/rds/hpc-work/VRR/VRRMP4/h265_to_mp4/crytek_sponza/crytek_sponza_path1_seg1_1/1000/1000_80_720.mp4

